<?xml version="1.0" encoding="utf-8" standalone="no"?>
<test-run id="2" testcasecount="133" result="Failed" total="6" passed="4" failed="2" inconclusive="0" skipped="0" asserts="9" engine-version="3.7.0.0" clr-version="4.0.30319.42000" start-time="2017-11-28 12:24:33Z" end-time="2017-11-28 12:29:38Z" duration="305.238433">
  <command-line><![CDATA[..\..\..\packages\NUnit.ConsoleRunner.3.7.0\tools\nunit3-console.exe  "..\..\..\src\Selenium.Automation.Spec\bin\Debug\Selenium.Automation.Spec.dll" --where "cat == test" --result=..\..\..\TestResult.xml]]></command-line>
  <filter>
    <cat>test</cat>
  </filter>
  <test-suite type="Assembly" id="0-1163" name="Selenium.Automation.Spec.dll" fullname="C:\Users\Vipul Vora\Documents\EpsonBddTests\src\Selenium.Automation.Spec\bin\Debug\Selenium.Automation.Spec.dll" runstate="Runnable" testcasecount="133" result="Failed" site="Child" start-time="2017-11-28 12:24:37Z" end-time="2017-11-28 12:29:38Z" duration="300.818211" total="6" passed="4" failed="2" warnings="0" inconclusive="0" skipped="0" asserts="9">
    <environment framework-version="3.7.0.0" clr-version="4.0.30319.42000" os-version="Microsoft Windows NT 10.0.15063.0" platform="Win32NT" cwd="C:\Users\Vipul Vora\Documents\EpsonBddTests\src\Selenium.Automation.Spec\Batch" machine-name="DESKTOP-SG5RPSN" user="Vipul Vora" user-domain="DESKTOP-SG5RPSN" culture="en-GB" uiculture="en-US" os-architecture="x64" />
    <settings>
      <setting name="DisposeRunners" value="True" />
      <setting name="WorkDirectory" value="C:\Users\Vipul Vora\Documents\EpsonBddTests\src\Selenium.Automation.Spec\Batch" />
      <setting name="ImageRuntimeVersion" value="4.0.30319" />
      <setting name="ImageTargetFrameworkName" value=".NETFramework,Version=v4.5.2" />
      <setting name="ImageRequiresX86" value="False" />
      <setting name="ImageRequiresDefaultAppDomainAssemblyResolver" value="False" />
      <setting name="NumberOfTestWorkers" value="4" />
    </settings>
    <properties>
      <property name="_PID" value="8400" />
      <property name="_APPDOMAIN" value="domain-" />
    </properties>
    <failure>
      <message><![CDATA[One or more child tests had errors]]></message>
    </failure>
    <test-suite type="TestSuite" id="0-1164" name="Selenium" fullname="Selenium" runstate="Runnable" testcasecount="133" result="Failed" site="Child" start-time="2017-11-28 12:24:37Z" end-time="2017-11-28 12:29:38Z" duration="300.757176" total="6" passed="4" failed="2" warnings="0" inconclusive="0" skipped="0" asserts="9">
      <properties />
      <failure>
        <message><![CDATA[One or more child tests had errors]]></message>
      </failure>
      <test-suite type="TestSuite" id="0-1165" name="Automation" fullname="Selenium.Automation" runstate="Runnable" testcasecount="133" result="Failed" site="Child" start-time="2017-11-28 12:24:37Z" end-time="2017-11-28 12:29:38Z" duration="300.726033" total="6" passed="4" failed="2" warnings="0" inconclusive="0" skipped="0" asserts="9">
        <properties />
        <failure>
          <message><![CDATA[One or more child tests had errors]]></message>
        </failure>
        <test-suite type="TestSuite" id="0-1166" name="Spec" fullname="Selenium.Automation.Spec" runstate="Runnable" testcasecount="133" result="Failed" site="Child" start-time="2017-11-28 12:24:37Z" end-time="2017-11-28 12:29:38Z" duration="300.694778" total="6" passed="4" failed="2" warnings="0" inconclusive="0" skipped="0" asserts="9">
          <properties />
          <failure>
            <message><![CDATA[One or more child tests had errors]]></message>
          </failure>
          <test-suite type="TestSuite" id="0-1167" name="Features" fullname="Selenium.Automation.Spec.Features" runstate="Runnable" testcasecount="133" result="Failed" site="Child" start-time="2017-11-28 12:24:37Z" end-time="2017-11-28 12:29:38Z" duration="300.663617" total="6" passed="4" failed="2" warnings="0" inconclusive="0" skipped="0" asserts="9">
            <properties />
            <failure>
              <message><![CDATA[One or more child tests had errors]]></message>
            </failure>
            <test-suite type="TestSuite" id="0-1168" name="HeaderNavMenu" fullname="Selenium.Automation.Spec.Features.HeaderNavMenu" runstate="Runnable" testcasecount="98" result="Failed" site="Child" start-time="2017-11-28 12:24:37Z" end-time="2017-11-28 12:29:38Z" duration="300.632100" total="6" passed="4" failed="2" warnings="0" inconclusive="0" skipped="0" asserts="9">
              <properties />
              <failure>
                <message><![CDATA[One or more child tests had errors]]></message>
              </failure>
              <test-suite type="TestFixture" id="0-1102" name="NavigateToTheHomeNavMenuPagesFeature" fullname="Selenium.Automation.Spec.Features.HeaderNavMenu.NavigateToTheHomeNavMenuPagesFeature" classname="Selenium.Automation.Spec.Features.HeaderNavMenu.NavigateToTheHomeNavMenuPagesFeature" runstate="Runnable" testcasecount="14" result="Failed" site="Child" start-time="2017-11-28 12:24:37Z" end-time="2017-11-28 12:29:38Z" duration="300.612820" total="6" passed="4" failed="2" warnings="0" inconclusive="0" skipped="0" asserts="9">
                <properties>
                  <property name="Description" value="Navigate to the Home nav menu pages" />
                </properties>
                <failure>
                  <message><![CDATA[One or more child tests had errors]]></message>
                </failure>
                <test-suite type="ParameterizedMethod" id="0-1119" name="HomePageNavigationToHome_AppsServicesForHomePages" fullname="Selenium.Automation.Spec.Features.HeaderNavMenu.NavigateToTheHomeNavMenuPagesFeature.HomePageNavigationToHome_AppsServicesForHomePages" classname="Selenium.Automation.Spec.Features.HeaderNavMenu.NavigateToTheHomeNavMenuPagesFeature" runstate="Runnable" testcasecount="2" result="Failed" site="Child" start-time="2017-11-28 12:24:38Z" end-time="2017-11-28 12:27:25Z" duration="166.827553" total="2" passed="0" failed="2" warnings="0" inconclusive="0" skipped="0" asserts="1">
                  <properties>
                    <property name="Description" value="Home Page navigation to Home - Apps &amp; Services for Home pages" />
                    <property name="Category" value="test" />
                  </properties>
                  <failure>
                    <message><![CDATA[One or more child tests had errors]]></message>
                  </failure>
                  <test-case id="0-1117" name="HomePageNavigationToHome_AppsServicesForHomePages(&quot;Apps&quot;,System.String[])" fullname="Selenium.Automation.Spec.Features.HeaderNavMenu.NavigateToTheHomeNavMenuPagesFeature.HomePageNavigationToHome_AppsServicesForHomePages(&quot;Apps&quot;,System.String[])" methodname="HomePageNavigationToHome_AppsServicesForHomePages" classname="Selenium.Automation.Spec.Features.HeaderNavMenu.NavigateToTheHomeNavMenuPagesFeature" runstate="Runnable" seed="1656765209" result="Failed" label="Error" start-time="2017-11-28 12:24:38Z" end-time="2017-11-28 12:26:15Z" duration="97.049439" asserts="0">
                    <properties />
                    <failure>
                      <message><![CDATA[OpenQA.Selenium.WebDriverTimeoutException : timeout
  (Session info: chrome=62.0.3202.94)
  (Driver info: chromedriver=2.33.506120 (e3e53437346286c0bc2d2dc9aa4915ba81d9023f),platform=Windows NT 10.0.15063 x86_64)]]></message>
                      <stack-trace><![CDATA[   at OpenQA.Selenium.Remote.RemoteWebDriver.UnpackAndThrowOnError(Response errorResponse)
   at OpenQA.Selenium.Remote.RemoteWebDriver.Execute(String driverCommandToExecute, Dictionary`2 parameters)
   at OpenQA.Selenium.Remote.RemoteWebDriver.set_Url(String value)
   at Selenium.Automation.Drivers.SeleniumDriver.GoTo(String url) in C:\Users\Vipul Vora\Documents\EpsonBddTests\src\Selenium.Automation.Drivers\SeleniumDriver.cs:line 62
   at Selenium.Automation.Common.Selenium.Base.BasePage.GoTo() in C:\Users\Vipul Vora\Documents\EpsonBddTests\src\Selenium.Automation.Common\Selenium\Base\BasePage.cs:line 34
   at Selenium.Automation.StepDefinitions.CommonSteps.GivenIAmOnTheHomepage() in C:\Users\Vipul Vora\Documents\EpsonBddTests\src\Selenium.Automation.Spec\StepDefinitions\CommonSteps.cs:line 14
   at TechTalk.SpecFlow.Bindings.BindingInvoker.InvokeBinding(IBinding binding, IContextManager contextManager, Object[] arguments, ITestTracer testTracer, TimeSpan& duration)
   at TechTalk.SpecFlow.Infrastructure.TestExecutionEngine.ExecuteStepMatch(BindingMatch match, Object[] arguments)
   at TechTalk.SpecFlow.Infrastructure.TestExecutionEngine.ExecuteStep(StepInstance stepInstance)
   at TechTalk.SpecFlow.Infrastructure.TestExecutionEngine.OnAfterLastStep()
   at Selenium.Automation.Spec.Features.HeaderNavMenu.NavigateToTheHomeNavMenuPagesFeature.ScenarioCleanup()
   at Selenium.Automation.Spec.Features.HeaderNavMenu.NavigateToTheHomeNavMenuPagesFeature.HomePageNavigationToHome_AppsServicesForHomePages(String link, String[] exampleTags) in C:\Users\Vipul Vora\Documents\EpsonBddTests\src\Selenium.Automation.Spec\Features\HeaderNavMenu\HomeNav.feature:line 45]]></stack-trace>
                    </failure>
                    <output><![CDATA[Given I am on the homepage
-> error: timeout
  (Session info: chrome=62.0.3202.94)
  (Driver info: chromedriver=2.33.506120 (e3e53437346286c0bc2d2dc9aa4915ba81d9023f),platform=Windows NT 10.0.15063 x86_64)
When I select the link "Home"
-> skipped because of previous errors
And I select the link "Apps & Services for Home"
-> skipped because of previous errors
And I select the link "Apps"
-> skipped because of previous errors
Then I should be on the "Apps" page
-> skipped because of previous errors
]]></output>
                  </test-case>
                  <test-case id="0-1118" name="HomePageNavigationToHome_AppsServicesForHomePages(&quot;Epson Connect&quot;,System.String[])" fullname="Selenium.Automation.Spec.Features.HeaderNavMenu.NavigateToTheHomeNavMenuPagesFeature.HomePageNavigationToHome_AppsServicesForHomePages(&quot;Epson Connect&quot;,System.String[])" methodname="HomePageNavigationToHome_AppsServicesForHomePages" classname="Selenium.Automation.Spec.Features.HeaderNavMenu.NavigateToTheHomeNavMenuPagesFeature" runstate="Runnable" seed="1330809854" result="Failed" label="Error" start-time="2017-11-28 12:26:15Z" end-time="2017-11-28 12:27:25Z" duration="69.677934" asserts="1">
                    <properties />
                    <failure>
                      <message><![CDATA[OpenQA.Selenium.WebDriverTimeoutException : Timed out after 20 seconds
  ----> OpenQA.Selenium.NoSuchElementException : no such element: Unable to locate element: {"method":"link text","selector":"Epson Connect"}
  (Session info: chrome=62.0.3202.94)
  (Driver info: chromedriver=2.33.506120 (e3e53437346286c0bc2d2dc9aa4915ba81d9023f),platform=Windows NT 10.0.15063 x86_64)]]></message>
                      <stack-trace><![CDATA[   at OpenQA.Selenium.Support.UI.DefaultWait`1.ThrowTimeoutException(String exceptionMessage, Exception lastException)
   at OpenQA.Selenium.Support.UI.DefaultWait`1.Until[TResult](Func`2 condition)
   at Selenium.Automation.Common.Selenium.Base.BasePage.WaitForElement(String linkText) in C:\Users\Vipul Vora\Documents\EpsonBddTests\src\Selenium.Automation.Common\Selenium\Base\BasePage.cs:line 77
   at Selenium.Automation.Common.Selenium.Base.BasePage.SelectLinkText(String linkText) in C:\Users\Vipul Vora\Documents\EpsonBddTests\src\Selenium.Automation.Common\Selenium\Base\BasePage.cs:line 107
   at Selenium.Automation.StepDefinitions.CommonSteps.WhenISelectTheLink(String linkText) in C:\Users\Vipul Vora\Documents\EpsonBddTests\src\Selenium.Automation.Spec\StepDefinitions\CommonSteps.cs:line 25
   at TechTalk.SpecFlow.Bindings.BindingInvoker.InvokeBinding(IBinding binding, IContextManager contextManager, Object[] arguments, ITestTracer testTracer, TimeSpan& duration)
   at TechTalk.SpecFlow.Infrastructure.TestExecutionEngine.ExecuteStepMatch(BindingMatch match, Object[] arguments)
   at TechTalk.SpecFlow.Infrastructure.TestExecutionEngine.ExecuteStep(StepInstance stepInstance)
   at TechTalk.SpecFlow.Infrastructure.TestExecutionEngine.OnAfterLastStep()
   at Selenium.Automation.Spec.Features.HeaderNavMenu.NavigateToTheHomeNavMenuPagesFeature.ScenarioCleanup()
   at Selenium.Automation.Spec.Features.HeaderNavMenu.NavigateToTheHomeNavMenuPagesFeature.HomePageNavigationToHome_AppsServicesForHomePages(String link, String[] exampleTags) in C:\Users\Vipul Vora\Documents\EpsonBddTests\src\Selenium.Automation.Spec\Features\HeaderNavMenu\HomeNav.feature:line 45
--NoSuchElementException
   at OpenQA.Selenium.Remote.RemoteWebDriver.UnpackAndThrowOnError(Response errorResponse)
   at OpenQA.Selenium.Remote.RemoteWebDriver.Execute(String driverCommandToExecute, Dictionary`2 parameters)
   at OpenQA.Selenium.Remote.RemoteWebDriver.FindElement(String mechanism, String value)
   at OpenQA.Selenium.Support.UI.ExpectedConditions.<>c__DisplayClass3b.<ElementToBeClickable>b__3a(IWebDriver driver)
   at OpenQA.Selenium.Support.UI.DefaultWait`1.Until[TResult](Func`2 condition)]]></stack-trace>
                    </failure>
                    <output><![CDATA[Given I am on the homepage
-> done: CommonSteps.GivenIAmOnTheHomepage() (10.1s)
When I select the link "Home"
-> done: CommonSteps.WhenISelectTheLink("Home") (0.7s)
And I select the link "Apps & Services for Home"
-> done: CommonSteps.WhenISelectTheLink("Apps & Services f...") (0.4s)
And I select the link "Epson Connect"
-> error: Timed out after 20 seconds
Then I should be on the "Epson Connect" page
-> skipped because of previous errors
]]></output>
                  </test-case>
                </test-suite>
                <test-suite type="ParameterizedMethod" id="0-1107" name="HomePageNavigationToHome_SolutionsForHomePages" fullname="Selenium.Automation.Spec.Features.HeaderNavMenu.NavigateToTheHomeNavMenuPagesFeature.HomePageNavigationToHome_SolutionsForHomePages" classname="Selenium.Automation.Spec.Features.HeaderNavMenu.NavigateToTheHomeNavMenuPagesFeature" runstate="Runnable" testcasecount="4" result="Passed" start-time="2017-11-28 12:27:25Z" end-time="2017-11-28 12:29:38Z" duration="132.817919" total="4" passed="4" failed="0" warnings="0" inconclusive="0" skipped="0" asserts="8">
                  <properties>
                    <property name="Description" value="Home Page navigation to Home - Solutions for Home pages" />
                    <property name="Category" value="test" />
                  </properties>
                  <test-case id="0-1103" name="HomePageNavigationToHome_SolutionsForHomePages(&quot;Home &amp; Photo&quot;,System.String[])" fullname="Selenium.Automation.Spec.Features.HeaderNavMenu.NavigateToTheHomeNavMenuPagesFeature.HomePageNavigationToHome_SolutionsForHomePages(&quot;Home &amp; Photo&quot;,System.String[])" methodname="HomePageNavigationToHome_SolutionsForHomePages" classname="Selenium.Automation.Spec.Features.HeaderNavMenu.NavigateToTheHomeNavMenuPagesFeature" runstate="Runnable" seed="737615077" result="Passed" start-time="2017-11-28 12:27:25Z" end-time="2017-11-28 12:27:56Z" duration="30.750136" asserts="2">
                    <properties />
                    <output><![CDATA[Given I am on the homepage
-> done: CommonSteps.GivenIAmOnTheHomepage() (11.7s)
When I select the link "Home"
-> done: CommonSteps.WhenISelectTheLink("Home") (0.4s)
And I select the link "Solutions for Home"
-> done: CommonSteps.WhenISelectTheLink("Solutions for Home") (0.4s)
And I select the link "Home & Photo"
-> done: CommonSteps.WhenISelectTheLink("Home & Photo") (12.5s)
Then I should be on the "Home & Photo" page
-> done: CommonSteps.ThenIShouldBeOnThePage("Home & Photo") (0.1s)
]]></output>
                  </test-case>
                  <test-case id="0-1104" name="HomePageNavigationToHome_SolutionsForHomePages(&quot;Home Cinema&quot;,System.String[])" fullname="Selenium.Automation.Spec.Features.HeaderNavMenu.NavigateToTheHomeNavMenuPagesFeature.HomePageNavigationToHome_SolutionsForHomePages(&quot;Home Cinema&quot;,System.String[])" methodname="HomePageNavigationToHome_SolutionsForHomePages" classname="Selenium.Automation.Spec.Features.HeaderNavMenu.NavigateToTheHomeNavMenuPagesFeature" runstate="Runnable" seed="814117720" result="Passed" start-time="2017-11-28 12:27:56Z" end-time="2017-11-28 12:28:22Z" duration="25.936449" asserts="2">
                    <properties />
                    <output><![CDATA[Given I am on the homepage
-> done: CommonSteps.GivenIAmOnTheHomepage() (11.5s)
When I select the link "Home"
-> done: CommonSteps.WhenISelectTheLink("Home") (0.8s)
And I select the link "Solutions for Home"
-> done: CommonSteps.WhenISelectTheLink("Solutions for Home") (0.4s)
And I select the link "Home Cinema"
-> done: CommonSteps.WhenISelectTheLink("Home Cinema") (7.2s)
Then I should be on the "Home Cinema" page
-> done: CommonSteps.ThenIShouldBeOnThePage("Home Cinema") (0.0s)
]]></output>
                  </test-case>
                  <test-case id="0-1105" name="HomePageNavigationToHome_SolutionsForHomePages(&quot;Home Office&quot;,System.String[])" fullname="Selenium.Automation.Spec.Features.HeaderNavMenu.NavigateToTheHomeNavMenuPagesFeature.HomePageNavigationToHome_SolutionsForHomePages(&quot;Home Office&quot;,System.String[])" methodname="HomePageNavigationToHome_SolutionsForHomePages" classname="Selenium.Automation.Spec.Features.HeaderNavMenu.NavigateToTheHomeNavMenuPagesFeature" runstate="Runnable" seed="918936669" result="Passed" start-time="2017-11-28 12:28:22Z" end-time="2017-11-28 12:29:03Z" duration="41.835825" asserts="2">
                    <properties />
                    <output><![CDATA[Given I am on the homepage
-> done: CommonSteps.GivenIAmOnTheHomepage() (14.0s)
When I select the link "Home"
-> done: CommonSteps.WhenISelectTheLink("Home") (0.9s)
And I select the link "Solutions for Home"
-> done: CommonSteps.WhenISelectTheLink("Solutions for Home") (0.6s)
And I select the link "Home Office"
-> done: CommonSteps.WhenISelectTheLink("Home Office") (15.7s)
Then I should be on the "Home Office" page
-> done: CommonSteps.ThenIShouldBeOnThePage("Home Office") (0.0s)
]]></output>
                  </test-case>
                  <test-case id="0-1106" name="HomePageNavigationToHome_SolutionsForHomePages(&quot;Gaming&quot;,System.String[])" fullname="Selenium.Automation.Spec.Features.HeaderNavMenu.NavigateToTheHomeNavMenuPagesFeature.HomePageNavigationToHome_SolutionsForHomePages(&quot;Gaming&quot;,System.String[])" methodname="HomePageNavigationToHome_SolutionsForHomePages" classname="Selenium.Automation.Spec.Features.HeaderNavMenu.NavigateToTheHomeNavMenuPagesFeature" runstate="Runnable" seed="896400965" result="Passed" start-time="2017-11-28 12:29:03Z" end-time="2017-11-28 12:29:38Z" duration="34.193188" asserts="2">
                    <properties />
                    <output><![CDATA[Given I am on the homepage
-> done: CommonSteps.GivenIAmOnTheHomepage() (14.1s)
When I select the link "Home"
-> done: CommonSteps.WhenISelectTheLink("Home") (0.8s)
And I select the link "Solutions for Home"
-> done: CommonSteps.WhenISelectTheLink("Solutions for Home") (0.4s)
And I select the link "Gaming"
-> done: CommonSteps.WhenISelectTheLink("Gaming") (7.0s)
Then I should be on the "Gaming" page
-> done: CommonSteps.ThenIShouldBeOnThePage("Gaming") (0.1s)
]]></output>
                  </test-case>
                </test-suite>
              </test-suite>
            </test-suite>
          </test-suite>
        </test-suite>
      </test-suite>
    </test-suite>
  </test-suite>
</test-run>